[ 2024-12-02 21:36:28,772 ] 1027 httpx - INFO - HTTP Request: GET https://dagshub.com/api/v1/user "HTTP/1.1 200 OK"
[ 2024-12-02 21:36:28,787 ] 107 dagshub - INFO - Accessing as kossyfab
[ 2024-12-02 21:36:29,489 ] 1027 httpx - INFO - HTTP Request: GET https://dagshub.com/api/v1/repos/kossyfab/network_security "HTTP/1.1 200 OK"
[ 2024-12-02 21:36:30,400 ] 1027 httpx - INFO - HTTP Request: GET https://dagshub.com/api/v1/user "HTTP/1.1 200 OK"
[ 2024-12-02 21:36:30,408 ] 107 dagshub - INFO - Initialized MLflow to track repo "kossyfab/network_security"
[ 2024-12-02 21:36:30,410 ] 107 dagshub - INFO - Repository kossyfab/network_security initialized!
[ 2024-12-02 21:38:20,749 ] 42 root - INFO - Start data Ingestion
[ 2024-12-02 21:38:26,363 ] 65 root - INFO - Performed train test split on the dataframe
[ 2024-12-02 21:38:26,363 ] 67 root - INFO - Exited split_data_as_train_test method of Data_Ingestion class
[ 2024-12-02 21:38:26,364 ] 75 root - INFO - Exporting train and test file path.
[ 2024-12-02 21:38:26,592 ] 84 root - INFO - Exported train and test file path.
[ 2024-12-02 21:38:26,594 ] 45 root - INFO - Data Ingestion completed
[ 2024-12-02 21:38:26,718 ] 48 root - INFO - Required numeric columns:31
[ 2024-12-02 21:38:26,719 ] 49 root - INFO - numeric columns in data:31
[ 2024-12-02 21:38:26,724 ] 48 root - INFO - Required numeric columns:31
[ 2024-12-02 21:38:26,724 ] 49 root - INFO - numeric columns in data:31
[ 2024-12-02 21:38:26,725 ] 32 root - INFO - Required number of columns:2
[ 2024-12-02 21:38:26,725 ] 33 root - INFO - Data frame has columns:31
[ 2024-12-02 21:38:26,725 ] 32 root - INFO - Required number of columns:2
[ 2024-12-02 21:38:26,726 ] 33 root - INFO - Data frame has columns:31
[ 2024-12-02 21:38:27,414 ] 56 root - INFO - Data Validation completed
[ 2024-12-02 21:38:27,415 ] 60 root - INFO - Initiating data transformation
[ 2024-12-02 21:38:27,502 ] 44 root - INFO - Entered get_data_trnasformer_object method of Trnasformation class
[ 2024-12-02 21:38:27,503 ] 49 root - INFO - Initialise KNNImputer with {'missing_values': nan, 'n_neighbors': 3, 'weights': 'uniform'}
[ 2024-12-02 21:38:27,555 ] 46 root - INFO - Entered the save_object method of MainUtils class
[ 2024-12-02 21:38:27,565 ] 50 root - INFO - Exited the save_object method of MainUtils class
[ 2024-12-02 21:38:27,565 ] 46 root - INFO - Entered the save_object method of MainUtils class
[ 2024-12-02 21:38:27,571 ] 50 root - INFO - Exited the save_object method of MainUtils class
[ 2024-12-02 21:38:27,574 ] 67 root - INFO - Data Transformation completed
[ 2024-12-02 21:52:24,182 ] 870 urllib3.connectionpool - WARNING - Retrying (Retry(total=4, connect=5, read=5, redirect=5, status=5)) after connection broken by 'SSLError(5, '[SYS] unknown error (_ssl.c:2426)')': /kossyfab/network_security.mlflow/api/2.0/mlflow-artifacts/artifacts/7c47603a17fa4df5911487096ed30862/94f3af0aa5744a05a4eb036cdfc69cad/artifacts/model/model.pkl
[ 2024-12-02 21:53:14,254 ] 46 root - INFO - Entered the save_object method of MainUtils class
[ 2024-12-02 21:53:14,255 ] 50 root - INFO - Exited the save_object method of MainUtils class
[ 2024-12-02 21:53:14,255 ] 46 root - INFO - Entered the save_object method of MainUtils class
[ 2024-12-02 21:53:14,316 ] 50 root - INFO - Exited the save_object method of MainUtils class
[ 2024-12-02 21:53:14,316 ] 147 root - INFO - Model trainer artifact: ModelTrainerArtifact(trained_model_file_path='Artifacts\\12_02_2024_21_36_21\\model_trainer\\trained_model\\model.pkl', train_metric_artifact=ClassificationMetricArtifact(f1_score=np.float64(0.9916258169934641), precision_score=np.float64(0.9889997962925239), recall_score=np.float64(0.9942658201925046)), test_metric_artifact=ClassificationMetricArtifact(f1_score=np.float64(0.9751359751359752), precision_score=np.float64(0.9653846153846154), recall_score=np.float64(0.9850863422291993)))
[ 2024-12-02 21:53:14,321 ] 85 root - INFO - Model training completed
